mode: set
workshop/internal/repository/access_repository.go:23.74,25.2 1 0
workshop/internal/repository/access_repository.go:27.78,30.16 3 0
workshop/internal/repository/access_repository.go:30.16,33.3 2 0
workshop/internal/repository/access_repository.go:34.2,37.18 3 0
workshop/internal/repository/access_repository.go:37.18,39.82 2 0
workshop/internal/repository/access_repository.go:39.82,42.4 2 0
workshop/internal/repository/access_repository.go:43.3,43.27 1 0
workshop/internal/repository/access_repository.go:46.2,46.35 1 0
workshop/internal/repository/access_repository.go:46.35,49.3 2 0
workshop/internal/repository/access_repository.go:51.2,51.18 1 0
workshop/internal/repository/access_repository.go:54.96,67.16 3 0
workshop/internal/repository/access_repository.go:67.16,71.3 3 0
workshop/internal/repository/access_repository.go:73.2,73.12 1 0
workshop/internal/repository/role_repository.go:36.70,38.2 1 1
workshop/internal/repository/role_repository.go:40.78,43.16 3 1
workshop/internal/repository/role_repository.go:43.16,46.3 2 1
workshop/internal/repository/role_repository.go:48.2,48.12 1 1
workshop/internal/repository/role_repository.go:51.85,73.68 5 1
workshop/internal/repository/role_repository.go:73.68,74.27 1 0
workshop/internal/repository/role_repository.go:74.27,76.4 1 0
workshop/internal/repository/role_repository.go:77.3,78.18 2 0
workshop/internal/repository/role_repository.go:81.2,82.16 2 1
workshop/internal/repository/role_repository.go:82.16,85.3 2 0
workshop/internal/repository/role_repository.go:87.2,87.18 1 1
workshop/internal/repository/role_repository.go:90.74,93.16 3 1
workshop/internal/repository/role_repository.go:93.16,96.3 2 0
workshop/internal/repository/role_repository.go:97.2,100.18 3 1
workshop/internal/repository/role_repository.go:100.18,102.55 2 1
workshop/internal/repository/role_repository.go:102.55,105.4 2 0
workshop/internal/repository/role_repository.go:106.3,106.27 1 1
workshop/internal/repository/role_repository.go:109.2,109.35 1 1
workshop/internal/repository/role_repository.go:109.35,112.3 2 0
workshop/internal/repository/role_repository.go:114.2,114.18 1 1
workshop/internal/repository/role_repository.go:117.78,120.16 3 1
workshop/internal/repository/role_repository.go:120.16,123.3 2 0
workshop/internal/repository/role_repository.go:125.2,125.12 1 1
workshop/internal/repository/role_repository.go:128.68,131.16 3 0
workshop/internal/repository/role_repository.go:131.16,134.3 2 0
workshop/internal/repository/role_repository.go:136.2,136.12 1 0
workshop/internal/repository/role_repository.go:139.87,142.16 3 0
workshop/internal/repository/role_repository.go:142.16,145.3 2 0
workshop/internal/repository/role_repository.go:147.2,147.12 1 0
workshop/internal/repository/role_repository.go:150.88,153.16 3 0
workshop/internal/repository/role_repository.go:153.16,156.3 2 0
workshop/internal/repository/role_repository.go:158.2,158.12 1 0
workshop/internal/repository/role_repository.go:161.105,164.23 2 0
workshop/internal/repository/role_repository.go:164.23,166.3 1 0
workshop/internal/repository/role_repository.go:167.2,176.16 3 0
workshop/internal/repository/role_repository.go:176.16,179.3 2 0
workshop/internal/repository/role_repository.go:180.2,182.18 2 0
workshop/internal/repository/role_repository.go:182.18,184.71 2 0
workshop/internal/repository/role_repository.go:184.71,187.4 2 0
workshop/internal/repository/role_repository.go:188.3,188.27 1 0
workshop/internal/repository/role_repository.go:191.2,191.35 1 0
workshop/internal/repository/role_repository.go:191.35,194.3 2 0
workshop/internal/repository/role_repository.go:196.2,196.18 1 0
workshop/internal/repository/role_repository.go:199.93,204.45 4 0
workshop/internal/repository/role_repository.go:204.45,205.27 1 0
workshop/internal/repository/role_repository.go:205.27,207.4 1 0
workshop/internal/repository/role_repository.go:208.3,209.20 2 0
workshop/internal/repository/role_repository.go:212.2,212.23 1 0
workshop/internal/repository/user_repository.go:36.70,38.2 1 0
workshop/internal/repository/user_repository.go:41.126,45.21 3 0
workshop/internal/repository/user_repository.go:45.21,48.3 2 0
workshop/internal/repository/user_repository.go:50.2,54.16 4 0
workshop/internal/repository/user_repository.go:54.16,57.3 2 0
workshop/internal/repository/user_repository.go:59.2,69.9 3 0
workshop/internal/repository/user_repository.go:69.9,71.3 1 0
workshop/internal/repository/user_repository.go:73.2,77.16 4 0
workshop/internal/repository/user_repository.go:77.16,80.3 2 0
workshop/internal/repository/user_repository.go:81.2,84.18 3 0
workshop/internal/repository/user_repository.go:84.18,86.118 2 0
workshop/internal/repository/user_repository.go:86.118,89.4 2 0
workshop/internal/repository/user_repository.go:90.3,90.30 1 0
workshop/internal/repository/user_repository.go:93.2,93.35 1 0
workshop/internal/repository/user_repository.go:93.35,96.3 2 0
workshop/internal/repository/user_repository.go:98.2,98.26 1 0
workshop/internal/repository/user_repository.go:101.90,104.16 3 0
workshop/internal/repository/user_repository.go:104.16,107.3 2 0
workshop/internal/repository/user_repository.go:109.2,109.12 1 0
workshop/internal/repository/user_repository.go:112.88,133.128 5 0
workshop/internal/repository/user_repository.go:133.128,134.27 1 0
workshop/internal/repository/user_repository.go:134.27,136.4 1 0
workshop/internal/repository/user_repository.go:137.3,138.18 2 0
workshop/internal/repository/user_repository.go:141.2,141.63 1 0
workshop/internal/repository/user_repository.go:141.63,144.3 2 0
workshop/internal/repository/user_repository.go:146.2,146.19 1 0
workshop/internal/repository/user_repository.go:149.94,170.128 5 0
workshop/internal/repository/user_repository.go:170.128,171.27 1 0
workshop/internal/repository/user_repository.go:171.27,173.4 1 0
workshop/internal/repository/user_repository.go:174.3,175.18 2 0
workshop/internal/repository/user_repository.go:178.2,178.63 1 0
workshop/internal/repository/user_repository.go:178.63,181.3 2 0
workshop/internal/repository/user_repository.go:183.2,183.19 1 0
workshop/internal/repository/user_repository.go:186.90,189.16 3 0
workshop/internal/repository/user_repository.go:189.16,192.3 2 0
workshop/internal/repository/user_repository.go:194.2,194.12 1 0
workshop/internal/repository/user_repository.go:197.71,200.16 3 0
workshop/internal/repository/user_repository.go:200.16,203.3 2 0
workshop/internal/repository/user_repository.go:205.2,205.12 1 0
workshop/internal/repository/user_repository.go:208.105,211.16 3 0
workshop/internal/repository/user_repository.go:211.16,214.3 2 0
workshop/internal/repository/user_repository.go:216.2,216.12 1 0
workshop/internal/repository/user_repository.go:219.105,222.16 3 0
workshop/internal/repository/user_repository.go:222.16,225.3 2 0
workshop/internal/repository/user_repository.go:227.2,227.12 1 0
workshop/internal/repository/user_repository.go:230.103,243.16 4 0
workshop/internal/repository/user_repository.go:243.16,246.3 2 0
workshop/internal/repository/user_repository.go:247.2,247.22 1 0
